{"uid":"36029ebfd6e3eb49","name":"Adatok list치z치sa","fullName":"test_conduit_vizsgaremek.test_conduit.TestConduit#test_datalist","historyId":"6be9d8d59df2a022306b4f60684a7cd3","time":{"start":1682274460589,"stop":1682274479175,"duration":18586},"status":"broken","statusMessage":"selenium.common.exceptions.TimeoutException: Message: \nStacktrace:\n#0 0x563910af3fe3 <unknown>\n#1 0x563910832d36 <unknown>\n#2 0x56391086fc4d <unknown>\n#3 0x56391086fd61 <unknown>\n#4 0x5639108ab6a4 <unknown>\n#5 0x5639108908ed <unknown>\n#6 0x5639108a9232 <unknown>\n#7 0x563910890693 <unknown>\n#8 0x56391086303a <unknown>\n#9 0x56391086417e <unknown>\n#10 0x563910ab5dbd <unknown>\n#11 0x563910ab9c6c <unknown>\n#12 0x563910ac34b0 <unknown>\n#13 0x563910abad63 <unknown>\n#14 0x563910a8dc35 <unknown>\n#15 0x563910ade138 <unknown>\n#16 0x563910ade2c7 <unknown>\n#17 0x563910aec093 <unknown>\n#18 0x7fd0bf20db43 <unknown>","statusTrace":"self = <test_conduit.TestConduit object at 0x7fbddcf9ece0>\n\n    @allure.title('Adatok list치z치sa')\n    def test_datalist(self):\n        cookie_function(self.browser)\n>       login_function(self.browser)\n\ntest_conduit_vizsgaremek/test_conduit.py:118: \n_ _ _ _ _ _ _ _ _ _ _ _ _ _ _ _ _ _ _ _ _ _ _ _ _ _ _ _ _ _ _ _ _ _ _ _ _ _ _ _ \ntest_conduit_vizsgaremek/functions.py:29: in login_function\n    menu_logout_btn = WebDriverWait(browser, 15).until(\n_ _ _ _ _ _ _ _ _ _ _ _ _ _ _ _ _ _ _ _ _ _ _ _ _ _ _ _ _ _ _ _ _ _ _ _ _ _ _ _ \n\nself = <selenium.webdriver.support.wait.WebDriverWait (session=\"abd838895bd9e35eb48798218abc6de2\")>\nmethod = <function presence_of_element_located.<locals>._predicate at 0x7fbddbe94430>\nmessage = ''\n\n    def until(self, method, message: str = \"\"):\n        \"\"\"Calls the method provided with the driver as an argument until the \\\n        return value does not evaluate to ``False``.\n    \n        :param method: callable(WebDriver)\n        :param message: optional message for :exc:`TimeoutException`\n        :returns: the result of the last call to `method`\n        :raises: :exc:`selenium.common.exceptions.TimeoutException` if timeout occurs\n        \"\"\"\n        screen = None\n        stacktrace = None\n    \n        end_time = time.monotonic() + self._timeout\n        while True:\n            try:\n                value = method(self._driver)\n                if value:\n                    return value\n            except self._ignored_exceptions as exc:\n                screen = getattr(exc, \"screen\", None)\n                stacktrace = getattr(exc, \"stacktrace\", None)\n            time.sleep(self._poll)\n            if time.monotonic() > end_time:\n                break\n>       raise TimeoutException(message, screen, stacktrace)\nE       selenium.common.exceptions.TimeoutException: Message: \nE       Stacktrace:\nE       #0 0x563910af3fe3 <unknown>\nE       #1 0x563910832d36 <unknown>\nE       #2 0x56391086fc4d <unknown>\nE       #3 0x56391086fd61 <unknown>\nE       #4 0x5639108ab6a4 <unknown>\nE       #5 0x5639108908ed <unknown>\nE       #6 0x5639108a9232 <unknown>\nE       #7 0x563910890693 <unknown>\nE       #8 0x56391086303a <unknown>\nE       #9 0x56391086417e <unknown>\nE       #10 0x563910ab5dbd <unknown>\nE       #11 0x563910ab9c6c <unknown>\nE       #12 0x563910ac34b0 <unknown>\nE       #13 0x563910abad63 <unknown>\nE       #14 0x563910a8dc35 <unknown>\nE       #15 0x563910ade138 <unknown>\nE       #16 0x563910ade2c7 <unknown>\nE       #17 0x563910aec093 <unknown>\nE       #18 0x7fd0bf20db43 <unknown>\n\n/opt/hostedtoolcache/Python/3.10.11/x64/lib/python3.10/site-packages/selenium/webdriver/support/wait.py:95: TimeoutException","flaky":false,"newFailed":false,"newBroken":false,"newPassed":false,"retriesCount":0,"retriesStatusChange":false,"beforeStages":[{"name":"_xunit_setup_method_fixture_TestConduit","time":{"start":1682274457556,"stop":1682274460589,"duration":3033},"status":"passed","steps":[],"attachments":[],"parameters":[],"stepsCount":0,"attachmentsCount":0,"shouldDisplayMessage":false,"hasContent":false}],"afterStages":[{"name":"_xunit_setup_method_fixture_TestConduit::0","time":{"start":1682274479186,"stop":1682274479241,"duration":55},"status":"passed","steps":[],"attachments":[],"parameters":[],"stepsCount":0,"attachmentsCount":0,"shouldDisplayMessage":false,"hasContent":false}],"labels":[{"name":"parentSuite","value":"test_conduit_vizsgaremek"},{"name":"suite","value":"test_conduit"},{"name":"subSuite","value":"TestConduit"},{"name":"host","value":"fv-az180-54"},{"name":"thread","value":"3048-MainThread"},{"name":"framework","value":"pytest"},{"name":"language","value":"cpython3"},{"name":"package","value":"test_conduit_vizsgaremek.test_conduit"},{"name":"resultFormat","value":"allure2"}],"parameters":[],"links":[],"hidden":false,"retry":false,"extra":{"severity":"normal","retries":[],"categories":[{"name":"Test defects","matchedStatuses":[],"flaky":false}],"tags":[]},"source":"36029ebfd6e3eb49.json","parameterValues":[]}